{"/Users/Yauheni_Bykau/Documents/shop-be/src/functions/getProducts/getProducts.ts": {"path":"/Users/Yauheni_Bykau/Documents/shop-be/src/functions/getProducts/getProducts.ts","statementMap":{"0":{"start":{"line":5,"column":13},"end":{"line":5,"column":36}},"1":{"start":{"line":9,"column":13},"end":{"line":9,"column":24}},"2":{"start":{"line":27,"column":13},"end":{"line":27,"column":17}},"3":{"start":{"line":1,"column":35},"end":{"line":1,"column":null}},"4":{"start":{"line":2,"column":24},"end":{"line":2,"column":null}},"5":{"start":{"line":3,"column":25},"end":{"line":3,"column":null}},"6":{"start":{"line":5,"column":39},"end":{"line":7,"column":null}},"7":{"start":{"line":6,"column":2},"end":{"line":6,"column":null}},"8":{"start":{"line":9,"column":27},"end":{"line":25,"column":null}},"9":{"start":{"line":10,"column":2},"end":{"line":24,"column":null}},"10":{"start":{"line":11,"column":21},"end":{"line":11,"column":null}},"11":{"start":{"line":12,"column":4},"end":{"line":14,"column":null}},"12":{"start":{"line":16,"column":4},"end":{"line":23,"column":null}},"13":{"start":{"line":27,"column":20},"end":{"line":27,"column":null}}},"fnMap":{"0":{"name":"(anonymous_1)","decl":{"start":{"line":5,"column":36},"end":{"line":5,"column":39}},"loc":{"start":{"line":5,"column":13},"end":{"line":5,"column":36}}},"1":{"name":"(anonymous_2)","decl":{"start":{"line":9,"column":24},"end":{"line":9,"column":27}},"loc":{"start":{"line":9,"column":13},"end":{"line":9,"column":24}}},"2":{"name":"(anonymous_3)","decl":{"start":{"line":27,"column":17},"end":{"line":27,"column":20}},"loc":{"start":{"line":27,"column":13},"end":{"line":27,"column":17}}},"3":{"name":"(anonymous_4)","decl":{"start":{"line":5,"column":39},"end":{"line":5,"column":51}},"loc":{"start":{"line":5,"column":51},"end":{"line":7,"column":null}}},"4":{"name":"(anonymous_5)","decl":{"start":{"line":9,"column":27},"end":{"line":9,"column":39}},"loc":{"start":{"line":9,"column":39},"end":{"line":25,"column":null}}}},"branchMap":{},"s":{"0":1,"1":1,"2":0,"3":1,"4":1,"5":1,"6":1,"7":2,"8":1,"9":1,"10":1,"11":1,"12":0,"13":1},"f":{"0":1,"1":1,"2":0,"3":2,"4":1},"b":{}}
,"/Users/Yauheni_Bykau/Documents/shop-be/src/functions/getProducts/products.mock.ts": {"path":"/Users/Yauheni_Bykau/Documents/shop-be/src/functions/getProducts/products.mock.ts","statementMap":{"0":{"start":{"line":3,"column":13},"end":{"line":3,"column":39}},"1":{"start":{"line":3,"column":39},"end":{"line":46,"column":null}}},"fnMap":{"0":{"name":"(anonymous_0)","decl":{"start":{"line":3,"column":13},"end":{"line":3,"column":39}},"loc":{"start":{"line":3,"column":13},"end":{"line":3,"column":39}}}},"branchMap":{},"s":{"0":4,"1":1},"f":{"0":4},"b":{}}
,"/Users/Yauheni_Bykau/Documents/shop-be/src/functions/getShopInfo/getShopInfo.ts": {"path":"/Users/Yauheni_Bykau/Documents/shop-be/src/functions/getShopInfo/getShopInfo.ts","statementMap":{"0":{"start":{"line":4,"column":13},"end":{"line":4,"column":24}},"1":{"start":{"line":11,"column":13},"end":{"line":11,"column":17}},"2":{"start":{"line":1,"column":35},"end":{"line":1,"column":null}},"3":{"start":{"line":2,"column":24},"end":{"line":2,"column":null}},"4":{"start":{"line":4,"column":27},"end":{"line":9,"column":null}},"5":{"start":{"line":5,"column":2},"end":{"line":8,"column":null}},"6":{"start":{"line":11,"column":20},"end":{"line":11,"column":null}}},"fnMap":{"0":{"name":"(anonymous_1)","decl":{"start":{"line":4,"column":24},"end":{"line":4,"column":27}},"loc":{"start":{"line":4,"column":13},"end":{"line":4,"column":24}}},"1":{"name":"(anonymous_2)","decl":{"start":{"line":11,"column":17},"end":{"line":11,"column":20}},"loc":{"start":{"line":11,"column":13},"end":{"line":11,"column":17}}},"2":{"name":"(anonymous_3)","decl":{"start":{"line":4,"column":27},"end":{"line":4,"column":39}},"loc":{"start":{"line":4,"column":39},"end":{"line":9,"column":null}}}},"branchMap":{},"s":{"0":1,"1":0,"2":1,"3":1,"4":1,"5":1,"6":1},"f":{"0":1,"1":0,"2":1},"b":{}}
,"/Users/Yauheni_Bykau/Documents/shop-be/src/libs/api-gateway.ts": {"path":"/Users/Yauheni_Bykau/Documents/shop-be/src/libs/api-gateway.ts","statementMap":{"0":{"start":{"line":16,"column":13},"end":{"line":16,"column":34}},"1":{"start":{"line":16,"column":34},"end":{"line":25,"column":null}},"2":{"start":{"line":17,"column":2},"end":{"line":24,"column":null}}},"fnMap":{"0":{"name":"(anonymous_0)","decl":{"start":{"line":16,"column":13},"end":{"line":16,"column":34}},"loc":{"start":{"line":16,"column":13},"end":{"line":16,"column":34}}},"1":{"name":"(anonymous_1)","decl":{"start":{"line":16,"column":34},"end":{"line":16,"column":35}},"loc":{"start":{"line":16,"column":73},"end":{"line":25,"column":null}}}},"branchMap":{},"s":{"0":2,"1":2,"2":2},"f":{"0":2,"1":2},"b":{}}
,"/Users/Yauheni_Bykau/Documents/shop-be/src/libs/lambda.ts": {"path":"/Users/Yauheni_Bykau/Documents/shop-be/src/libs/lambda.ts","statementMap":{"0":{"start":{"line":4,"column":13},"end":{"line":4,"column":23}},"1":{"start":{"line":1,"column":18},"end":{"line":1,"column":null}},"2":{"start":{"line":2,"column":32},"end":{"line":2,"column":null}},"3":{"start":{"line":4,"column":23},"end":{"line":6,"column":null}},"4":{"start":{"line":5,"column":2},"end":{"line":5,"column":null}}},"fnMap":{"0":{"name":"(anonymous_0)","decl":{"start":{"line":4,"column":13},"end":{"line":4,"column":23}},"loc":{"start":{"line":4,"column":13},"end":{"line":4,"column":23}}},"1":{"name":"(anonymous_2)","decl":{"start":{"line":4,"column":23},"end":{"line":4,"column":24}},"loc":{"start":{"line":4,"column":36},"end":{"line":6,"column":null}}}},"branchMap":{},"s":{"0":2,"1":2,"2":2,"3":2,"4":2},"f":{"0":2,"1":2},"b":{}}
}
