TN:
SF:src/functions/getProducts/getProducts.ts
FN:5,(anonymous_1)
FN:9,(anonymous_2)
FN:27,(anonymous_3)
FN:5,(anonymous_4)
FN:9,(anonymous_5)
FNF:5
FNH:4
FNDA:1,(anonymous_1)
FNDA:1,(anonymous_2)
FNDA:0,(anonymous_3)
FNDA:2,(anonymous_4)
FNDA:1,(anonymous_5)
DA:1,1
DA:2,1
DA:3,1
DA:5,1
DA:6,2
DA:9,1
DA:10,1
DA:11,1
DA:12,1
DA:16,0
DA:27,1
LF:11
LH:10
BRF:0
BRH:0
end_of_record
TN:
SF:src/functions/getProducts/products.mock.ts
FN:3,(anonymous_0)
FNF:1
FNH:1
FNDA:4,(anonymous_0)
DA:3,4
LF:1
LH:1
BRF:0
BRH:0
end_of_record
TN:
SF:src/functions/getShopInfo/getShopInfo.ts
FN:4,(anonymous_1)
FN:11,(anonymous_2)
FN:4,(anonymous_3)
FNF:3
FNH:2
FNDA:1,(anonymous_1)
FNDA:0,(anonymous_2)
FNDA:1,(anonymous_3)
DA:1,1
DA:2,1
DA:4,1
DA:5,1
DA:11,1
LF:5
LH:5
BRF:0
BRH:0
end_of_record
TN:
SF:src/libs/api-gateway.ts
FN:16,(anonymous_0)
FN:16,(anonymous_1)
FNF:2
FNH:2
FNDA:2,(anonymous_0)
FNDA:2,(anonymous_1)
DA:16,2
DA:17,2
LF:2
LH:2
BRF:0
BRH:0
end_of_record
TN:
SF:src/libs/lambda.ts
FN:4,(anonymous_0)
FN:4,(anonymous_2)
FNF:2
FNH:2
FNDA:2,(anonymous_0)
FNDA:2,(anonymous_2)
DA:1,2
DA:2,2
DA:4,2
DA:5,2
LF:4
LH:4
BRF:0
BRH:0
end_of_record
